<?xml version="1.0" encoding="UTF-8"?>
<!-- Generated by org.testng.reporters.JUnitXMLReporter -->
<testsuite ignored="2" hostname="DESKTOP-BNJMOR4" failures="2" tests="4" name="Test" time="10.677" errors="0" timestamp="2022-08-05T18:50:32 IST">
  <testcase classname="tests.LoginTest" name="verifybuttontext" time="0.087">
    <failure type="java.lang.AssertionError" message="The following asserts failed:
	expected [LOGINNN] but found []">
      <![CDATA[java.lang.AssertionError: The following asserts failed:
expected [LOGINNN] but found []
at tests.LoginTest.verifybuttontext(LoginTest.java:36)
at java.base/java.util.ArrayList.forEach(ArrayList.java:1511)
... Removed 33 stack frames]]>
    </failure>
  </testcase> <!-- verifybuttontext -->
  <testcase classname="tests.LoginTest" name="login" time="5.841"/>
  <testcase classname="tests.HomePageTest" name="goToTab" time="2.193">
    <failure type="java.lang.AssertionError" message="The following asserts failed:
	expected [false] but found [true]">
      <![CDATA[java.lang.AssertionError: The following asserts failed:
expected [false] but found [true]
at tests.HomePageTest.goToTab(HomePageTest.java:31)
at java.base/java.util.ArrayList.forEach(ArrayList.java:1511)
... Removed 33 stack frames]]>
    </failure>
  </testcase> <!-- goToTab -->
  <testcase classname="tests.HomePageTest" name="logout" time="1.514"/>
  <testcase classname="tests.BaseTest" name="@AfterSuite tearDown" time="0.0">
    <ignored/>
  </testcase> <!-- @AfterSuite tearDown -->
  <testcase classname="tests.BaseTest" name="@BeforeSuite init" time="0.0">
    <ignored/>
  </testcase> <!-- @BeforeSuite init -->
</testsuite> <!-- Test -->
